<?xml version="1.0" encoding="UTF-8"?>
<testng-results skipped="0" failed="0" ignored="0" total="1" passed="1">
  <reporter-output>
  </reporter-output>
  <suite name="Default suite" duration-ms="103" started-at="2018-03-14T00:36:32Z" finished-at="2018-03-14T00:36:32Z">
    <groups>
    </groups>
    <test name="Default test" duration-ms="103" started-at="2018-03-14T00:36:32Z" finished-at="2018-03-14T00:36:32Z">
      <class name="JH.A">
        <test-method status="PASS" signature="run()[pri:0, instance:JH.A@5dfcfece]" name="run" duration-ms="42" started-at="2018-03-14T00:36:32Z" finished-at="2018-03-14T00:36:32Z">
          <reporter-output>
          </reporter-output>
        </test-method> <!-- run -->
      </class> <!-- JH.A -->
    </test> <!-- Default test -->
  </suite> <!-- Default suite -->
</testng-results>
